01-19-2018
[0;31mProcessing Dunnhumby file ...... [DUNNHUMBY_Promo_Group_01032018.csv][0m
[0;31m[DUNNHUMBY_Promo_Group_01032018.csv] ........ DONE.[0m
[0;31mProcessing the Dunnhumby files integrated  .....[0m

PL/SQL procedure successfully completed.


  O_RETURN
----------
	 0

[0;31mDunnhumby files integrated   DUNNHUMBY_Promo_Group_01032018.csv .....[0m
01-19-2018
[0;31mProcessing Dunnhumby file ...... [DUNN*.*][0m
[0;31m[DUNN*.*] ........ DONE.[0m
[0;31mProcessing the Dunnhumby files integrated  .....[0m

PL/SQL procedure successfully completed.


  O_RETURN
----------
	 0

[0;31mDunnhumby files integrated   DUNN*.*.ctl .....[0m
mv: cannot stat `/home/hnpcen/gaia/RECEIVED/DUNN*.*': No such file or directory
01-19-2018
[0;31mProcessing Dunnhumby file ...... [DUNNHUMBY_Promo_Group_01032018.csv][0m
[0;31m[DUNNHUMBY_Promo_Group_01032018.csv] ........ DONE.[0m
[0;31mProcessing the Dunnhumby files integrated  .....[0m

PL/SQL procedure successfully completed.


  O_RETURN
----------
	 0

[0;31mDunnhumby files integrated   DUNNHUMBY_Promo_Group_01032018.csv .....[0m
01-19-2018
[0;31mProcessing Dunnhumby file ...... [DUNN*.*][0m
[0;31m[DUNN*.*] ........ DONE.[0m
[0;31mProcessing the Dunnhumby files integrated  .....[0m

PL/SQL procedure successfully completed.


  O_RETURN
----------
	 0

[0;31mDunnhumby files integrated   DUNN*.*.ctl .....[0m
mv: cannot stat `/home/hnpcen/gaia/RECEIVED/DUNN*.*': No such file or directory
01-19-2018
[0;31mProcessing Dunnhumby file ...... [DUNNHUMBY_Promo_Group_01032018.csv][0m
[0;31m[DUNNHUMBY_Promo_Group_01032018.csv] ........ DONE.[0m
[0;31mProcessing the Dunnhumby files integrated  .....[0m

PL/SQL procedure successfully completed.


  O_RETURN
----------
	 0

[0;31mDunnhumby files integrated   DUNNHUMBY_Promo_Group_01032018.csv .....[0m
01-19-2018
[0;31mProcessing Dunnhumby file ...... [DUNNHUMBY_Promo_Group_01032018.csv][0m
[0;31m[DUNNHUMBY_Promo_Group_01032018.csv] ........ DONE.[0m
[0;31mProcessing the Dunnhumby files integrated  .....[0m

PL/SQL procedure successfully completed.


  O_RETURN
----------
	 0

[0;31mDunnhumby files integrated   DUNNHUMBY_Promo_Group_01032018.csv .....[0m
